[Moise] Workspace miningOrg created.
[Moise] getJoinedWorkspaces: [miningOrg]
[Moise] scheme created: mining_schema: mining_sch using artifact SchemeBoard
[Moise] group created: mGrp: miningGroup using artifact ora4mas.nopl.GroupBoard
[Cartago] Workspace mining created.
[Cartago] getJoinedWorkspaces: [main]
[Cartago] artifact m1view: mining.MiningPlanet(6,0) at mining created.
[Cartago] artifact m2view: mining.MiningPlanet(6,1) at mining created.
[Cartago] artifact redTeamMap: mining.WorldMap("TeamRed") at mining created.
[Cartago] artifact greenTeamMap: mining.WorldMap("TeamGreen") at mining created.
[Cartago] artifact m4view: mining.MiningPlanet(6,3) at mining created.
[Cartago] artifact pinkTeamMap: mining.WorldMap("TeamPink") at mining created.
[Cartago] artifact m3view: mining.MiningPlanet(6,2) at mining created.
[Cartago] artifact orangeTeamMap: mining.WorldMap("TeamOrange") at mining created.
[leader] joinned workspace miningOrg
[leader] focusing on artifact mGrp (at workspace miningOrg) using namespace default
[leader] focusing on artifact miningOrg (at workspace miningOrg) using namespace default
[orangeMiner] joinned workspace mining
[orangeMiner] joinned workspace miningOrg
[pinkMiner] joinned workspace mining
[orangeMiner] focusing on artifact m2view (at workspace mining) using namespace default
[pinkMiner] joinned workspace miningOrg
[pinkMiner] focusing on artifact m1view (at workspace mining) using namespace default
[orangeMiner] focusing on artifact orangeTeamMap (at workspace mining) using namespace default
[pinkMiner] focusing on artifact pinkTeamMap (at workspace mining) using namespace default
[greenMiner] joinned workspace mining
[greenMiner] joinned workspace miningOrg
[greenMiner] focusing on artifact m4view (at workspace mining) using namespace default
[orangeMiner] focusing on artifact mGrp (at workspace miningOrg) using namespace default
[leader] No fail event was generated for +!start[source(self)]
[leader] Found a goal for which there is no applicable plan: +!start[source(self)]
[greenMiner] focusing on artifact greenTeamMap (at workspace mining) using namespace default
[orangeMiner] focusing on artifact miningOrg (at workspace miningOrg) using namespace default
[redMiner] joinned workspace mining
[redMiner] joinned workspace miningOrg
[redMiner] focusing on artifact m3view (at workspace mining) using namespace default
[pinkMiner] focusing on artifact mGrp (at workspace miningOrg) using namespace default
[redMiner] focusing on artifact redTeamMap (at workspace mining) using namespace default
[greenMiner] focusing on artifact mGrp (at workspace miningOrg) using namespace default
[pinkMiner] focusing on artifact miningOrg (at workspace miningOrg) using namespace default
[redMiner] focusing on artifact mGrp (at workspace miningOrg) using namespace default
[pinkMiner] No fail event was generated for +!jcm::initial_roles([role(miningOrg,"local",mGrp,miner)],5)
[pinkMiner] Found a goal for which there is no relevant plan: +!jcm::initial_roles([role(miningOrg,"local",mGrp,miner)],5)
[redMiner] focusing on artifact miningOrg (at workspace miningOrg) using namespace default
[orangeMiner] Estou proximo de [4,23]
[orangeMiner] No fail event was generated for +!jcm::initial_roles([role(miningOrg,"local",mGrp,miner)],5)
[orangeMiner] Found a goal for which there is no relevant plan: +!jcm::initial_roles([role(miningOrg,"local",mGrp,miner)],5)
[orangeMiner] No failure event was generated for +!start[code(lookupArtifact("orangeTeamMap",_305)),code_line(9),code_src("miner_orange.asl"),error(action_failed),error_msg("cartago.ArtifactNotAvailableException"),source(self)]
intention 11: 
    +!start[source(self)] <- ... lookupArtifact(MapName,MapId); .print("MapName: ",MapName) / {MapName="orangeTeamMap", T="orange"}

[greenMiner] focusing on artifact miningOrg (at workspace miningOrg) using namespace default
[greenMiner] Estou proximo de [14,14]
[greenMiner] No fail event was generated for +!jcm::initial_roles([role(miningOrg,"local",mGrp,miner)],5)
[greenMiner] Found a goal for which there is no relevant plan: +!jcm::initial_roles([role(miningOrg,"local",mGrp,miner)],5)
[greenMiner] No failure event was generated for +!start[code(lookupArtifact("greenTeamMap",_311)),code_line(9),code_src("miner_green.asl"),error(action_failed),error_msg("cartago.ArtifactNotAvailableException"),source(self)]
intention 13: 
    +!start[source(self)] <- ... lookupArtifact(MapName,MapId); .print("MapName: ",MapName); focus(MapId) / {MapName="greenTeamMap", T="green"}

[redMiner] Estou proximo de [31,12]
[redMiner] No fail event was generated for +!jcm::initial_roles([role(miningOrg,"local",mGrp,miner)],5)
[redMiner] Found a goal for which there is no relevant plan: +!jcm::initial_roles([role(miningOrg,"local",mGrp,miner)],5)
[redMiner] No failure event was generated for +!start[code(lookupArtifact("redTeamMap",_315)),code_line(9),code_src("miner_red.asl"),error(action_failed),error_msg("cartago.ArtifactNotAvailableException"),source(self)]
intention 15: 
    +!start[source(self)] <- ... lookupArtifact(MapName,MapId); .print("MapName: ",MapName) / {MapName="redTeamMap", T="red"}

[pinkMiner] No failure event was generated for +!start[code(lookupArtifact("pinkTeamMap",_317)),code_line(22),code_src("miner_pink.asl"),error(action_failed),error_msg("cartago.ArtifactNotAvailableException"),source(self)]
intention 8: 
    +!start[source(self)] <- ... lookupArtifact(MapName,MapId); .print("MapName: ",MapName) / {AgY=0, MapName="pinkTeamMap", AgX=1, T="pink"}

[GroupBoard] leader has quit, role leader removed by the platform!
