[Moise] Workspace miningOrg created.
[Moise] getJoinedWorkspaces: [miningOrg]
[Moise] scheme created: mining_schema: mining_sch using artifact SchemeBoard
[Moise] group created: mGrp: miningGroup using artifact ora4mas.nopl.GroupBoard
[Cartago] Workspace mining created.
[Cartago] getJoinedWorkspaces: [main]
[Cartago] artifact m1view: mining.MiningPlanet(6,0) at mining created.
[Cartago] artifact m2view: mining.MiningPlanet(6,1) at mining created.
[Cartago] artifact redTeamMap: mining.WorldMap("TeamRed") at mining created.
[Cartago] artifact greenTeamMap: mining.WorldMap("TeamGreen") at mining created.
[Cartago] artifact m4view: mining.MiningPlanet(6,3) at mining created.
[Cartago] artifact pinkTeamMap: mining.WorldMap("TeamPink") at mining created.
[Cartago] artifact m3view: mining.MiningPlanet(6,2) at mining created.
[Cartago] artifact orangeTeamMap: mining.WorldMap("TeamOrange") at mining created.
[redMiner] joinned workspace mining
[redMiner] joinned workspace miningOrg
[redMiner] focusing on artifact m3view (at workspace mining) using namespace default
[leader] joinned workspace miningOrg
[leader] focusing on artifact mGrp (at workspace miningOrg) using namespace default
[redMiner] focusing on artifact redTeamMap (at workspace mining) using namespace default
[leader] focusing on artifact miningOrg (at workspace miningOrg) using namespace default
[pinkMiner] joinned workspace mining
[orangeMiner] joinned workspace mining
[pinkMiner] joinned workspace miningOrg
[pinkMiner] focusing on artifact m1view (at workspace mining) using namespace default
[greenMiner] joinned workspace mining
[orangeMiner] joinned workspace miningOrg
[orangeMiner] focusing on artifact m2view (at workspace mining) using namespace default
[greenMiner] joinned workspace miningOrg
[greenMiner] focusing on artifact m4view (at workspace mining) using namespace default
[pinkMiner] focusing on artifact pinkTeamMap (at workspace mining) using namespace default
[greenMiner] focusing on artifact greenTeamMap (at workspace mining) using namespace default
[orangeMiner] focusing on artifact orangeTeamMap (at workspace mining) using namespace default
[redMiner] focusing on artifact mGrp (at workspace miningOrg) using namespace default
[redMiner] focusing on artifact miningOrg (at workspace miningOrg) using namespace default
[pinkMiner] focusing on artifact mGrp (at workspace miningOrg) using namespace default
[pinkMiner] focusing on artifact miningOrg (at workspace miningOrg) using namespace default
[orangeMiner] focusing on artifact mGrp (at workspace miningOrg) using namespace default
[greenMiner] focusing on artifact mGrp (at workspace miningOrg) using namespace default
[redMiner] Estou proximo de [31,4]
[greenMiner] focusing on artifact miningOrg (at workspace miningOrg) using namespace default
[redMiner] No fail event was generated for +!jcm::initial_roles([role(miningOrg,"local",mGrp,miner)],5)
[redMiner] Found a goal for which there is no relevant plan: +!jcm::initial_roles([role(miningOrg,"local",mGrp,miner)],5)
[pinkMiner] No fail event was generated for +!jcm::initial_roles([role(miningOrg,"local",mGrp,miner)],5)
[pinkMiner] Found a goal for which there is no relevant plan: +!jcm::initial_roles([role(miningOrg,"local",mGrp,miner)],5)
[orangeMiner] focusing on artifact miningOrg (at workspace miningOrg) using namespace default
[orangeMiner] Estou proximo de [6,18]
[orangeMiner] No fail event was generated for +!jcm::initial_roles([role(miningOrg,"local",mGrp,miner)],5)
[orangeMiner] Found a goal for which there is no relevant plan: +!jcm::initial_roles([role(miningOrg,"local",mGrp,miner)],5)
[greenMiner] Estou proximo de [13,31]
[greenMiner] No fail event was generated for +!jcm::initial_roles([role(miningOrg,"local",mGrp,miner)],5)
[greenMiner] Found a goal for which there is no relevant plan: +!jcm::initial_roles([role(miningOrg,"local",mGrp,miner)],5)
[greenMiner] No failure event was generated for +!start[code(lookupArtifact("greenTeamMap",_312)),code_line(9),code_src("miner_green.asl"),error(action_failed),error_msg("cartago.ArtifactNotAvailableException"),source(self)]
intention 14: 
    +!start[source(self)] <- ... lookupArtifact(MapName,MapId); .print("MapName: ",MapName); focus(MapId) / {MapName="greenTeamMap", T="green"}

[orangeMiner] No failure event was generated for +!start[code(lookupArtifact("orangeTeamMap",_313)),code_line(9),code_src("miner_orange.asl"),error(action_failed),error_msg("cartago.ArtifactNotAvailableException"),source(self)]
intention 12: 
    +!start[source(self)] <- ... lookupArtifact(MapName,MapId); .print("MapName: ",MapName) / {MapName="orangeTeamMap", T="orange"}

[redMiner] No failure event was generated for +!start[code(lookupArtifact("redTeamMap",_318)),code_line(10),code_src("miner_red.asl"),error(action_failed),error_msg("cartago.ArtifactNotAvailableException"),source(self)]
intention 8: 
    +!start[source(self)] <- ... lookupArtifact(MapName,MapId); .print("MapName: ",MapName) / {MapName="redTeamMap", T="red"}

[pinkMiner] No failure event was generated for +!start[code(lookupArtifact("pinkTeamMap",_319)),code_line(22),code_src("miner_pink.asl"),error(action_failed),error_msg("cartago.ArtifactNotAvailableException"),source(self)]
intention 10: 
    +!start[source(self)] <- ... lookupArtifact(MapName,MapId); .print("MapName: ",MapName) / {AgY=0, MapName="pinkTeamMap", AgX=1, T="pink"}

[greenMiner] Percebi ouro em: gold(20,20)
[greenMiner] Abandonando os desejos e intenções para buscar gold(20,20)
[greenMiner] Indo para gold(20,20)
[greenMiner] Manuseando gold(20,20)
[pinkMiner] Percebi ouro em: gold(1,1)
[pinkMiner] Abandonando os desejos e intenções para buscar gold(1,1)
[pinkMiner] Indo para gold(1,1)
[pinkMiner] Manuseando gold(1,1)
[pinkMiner] Alcancei (1x1)!
[greenMiner] Alcancei (20x20)!
[orangeMiner] Percebi ouro em: gold(14,4)
[orangeMiner] Abandonando os desejos e intenções para buscar gold(14,4)
[orangeMiner] Indo para gold(14,4)
[orangeMiner] Manuseando gold(14,4)
[orangeMiner] Alcancei (14x4)!
[greenMiner] Alcancei (16x16)!
[WorldModel] Agente 4 carregando ouro para o depósito!
[greenMiner] Finalizando manuseio gold(20,20)
[greenMiner] Distâncias de ouro: [d(9,gold(20,21))]1
[greenMiner] O proximo outro eh gold(20,21)
[greenMiner] Manuseando gold(20,21)
[orangeMiner] Alcancei (16x16)!
[redMiner] Percebi ouro em: gold(2,22)
[greenMiner] Alcancei (20x21)!
[redMiner] Abandonando os desejos e intenções para buscar gold(2,22)
[redMiner] Indo para gold(2,22)
[redMiner] Manuseando gold(2,22)
[WorldModel] Agente 2 carregando ouro para o depósito!
[orangeMiner] Finalizando manuseio gold(14,4)
[orangeMiner] Estou proximo de [12,11]
[redMiner] Alcancei (2x22)!
[pinkMiner] Alcancei (16x16)!
[WorldModel] Agente 1 carregando ouro para o depósito!
[pinkMiner] Finalizando manuseio gold(1,1)
[leader] Time pink esta vencendo com 1 pecas de ouro
[orangeMiner] Estou em [12,12] que está próximo de [12,11]
[greenMiner] Alcancei (16x16)!
[pinkMiner] Estou (8,13) que esta perto (7,12)
[orangeMiner] Estou proximo de [16,2]
[GroupBoard] leader has quit, role leader removed by the platform!
