[Moise] Workspace miningOrg created.
[Moise] getJoinedWorkspaces: [miningOrg]
[Moise] scheme created: mining_schema: mining_sch using artifact SchemeBoard
[Moise] group created: mGrp: miningGroup using artifact ora4mas.nopl.GroupBoard
[Cartago] Workspace mining created.
[Cartago] getJoinedWorkspaces: [main]
[Cartago] artifact m1view: mining.MiningPlanet(6,0) at mining created.
[Cartago] artifact m2view: mining.MiningPlanet(6,1) at mining created.
[Cartago] artifact redTeamMap: mining.WorldMap("TeamRed") at mining created.
[Cartago] artifact greenTeamMap: mining.WorldMap("TeamGreen") at mining created.
[Cartago] artifact m4view: mining.MiningPlanet(6,3) at mining created.
[Cartago] artifact pinkTeamMap: mining.WorldMap("TeamPink") at mining created.
[Cartago] artifact m3view: mining.MiningPlanet(6,2) at mining created.
[Cartago] artifact orangeTeamMap: mining.WorldMap("TeamOrange") at mining created.
[redMiner] joinned workspace mining
[redMiner] joinned workspace miningOrg
[redMiner] focusing on artifact m3view (at workspace mining) using namespace default
[greenMiner] joinned workspace mining
[orangeMiner] joinned workspace mining
[greenMiner] joinned workspace miningOrg
[orangeMiner] joinned workspace miningOrg
[pinkMiner] joinned workspace mining
[orangeMiner] focusing on artifact m2view (at workspace mining) using namespace default
[leader] joinned workspace miningOrg
[leader] focusing on artifact mGrp (at workspace miningOrg) using namespace default
[greenMiner] focusing on artifact m4view (at workspace mining) using namespace default
[pinkMiner] joinned workspace miningOrg
[pinkMiner] focusing on artifact m1view (at workspace mining) using namespace default
[redMiner] focusing on artifact redTeamMap (at workspace mining) using namespace default
[pinkMiner] focusing on artifact pinkTeamMap (at workspace mining) using namespace default
[orangeMiner] focusing on artifact orangeTeamMap (at workspace mining) using namespace default
[leader] focusing on artifact miningOrg (at workspace miningOrg) using namespace default
[greenMiner] focusing on artifact greenTeamMap (at workspace mining) using namespace default
[redMiner] focusing on artifact mGrp (at workspace miningOrg) using namespace default
[pinkMiner] focusing on artifact mGrp (at workspace miningOrg) using namespace default
[greenMiner] focusing on artifact mGrp (at workspace miningOrg) using namespace default
[pinkMiner] focusing on artifact miningOrg (at workspace miningOrg) using namespace default
[orangeMiner] focusing on artifact mGrp (at workspace miningOrg) using namespace default
[orangeMiner] focusing on artifact miningOrg (at workspace miningOrg) using namespace default
[redMiner] focusing on artifact miningOrg (at workspace miningOrg) using namespace default
[orangeMiner] Estou proximo de [17,4]
[orangeMiner] No fail event was generated for +!jcm::initial_roles([role(miningOrg,"local",mGrp,miner)],5)
[orangeMiner] Found a goal for which there is no relevant plan: +!jcm::initial_roles([role(miningOrg,"local",mGrp,miner)],5)
[pinkMiner] No fail event was generated for +!jcm::initial_roles([role(miningOrg,"local",mGrp,miner)],5)
[greenMiner] focusing on artifact miningOrg (at workspace miningOrg) using namespace default
[pinkMiner] Found a goal for which there is no relevant plan: +!jcm::initial_roles([role(miningOrg,"local",mGrp,miner)],5)
[redMiner] Estou proximo de [23,25]
[orangeMiner] No failure event was generated for +!start[code(lookupArtifact("orangeTeamMap",_298)),code_line(9),code_src("miner_orange.asl"),error(action_failed),error_msg("cartago.ArtifactNotAvailableException"),source(self)]
intention 9: 
    +!start[source(self)] <- ... lookupArtifact(MapName,MapId); .print("MapName: ",MapName) / {MapName="orangeTeamMap", T="orange"}

[redMiner] No fail event was generated for +!jcm::initial_roles([role(miningOrg,"local",mGrp,miner)],5)
[greenMiner] Estou proximo de [22,2]
[redMiner] Found a goal for which there is no relevant plan: +!jcm::initial_roles([role(miningOrg,"local",mGrp,miner)],5)
[greenMiner] No fail event was generated for +!jcm::initial_roles([role(miningOrg,"local",mGrp,miner)],5)
[greenMiner] Found a goal for which there is no relevant plan: +!jcm::initial_roles([role(miningOrg,"local",mGrp,miner)],5)
[redMiner] No failure event was generated for +!start[code(lookupArtifact("redTeamMap",_314)),code_line(9),code_src("miner_red.asl"),error(action_failed),error_msg("cartago.ArtifactNotAvailableException"),source(self)]
intention 13: 
    +!start[source(self)] <- ... lookupArtifact(MapName,MapId); .print("MapName: ",MapName) / {MapName="redTeamMap", T="red"}

[greenMiner] No failure event was generated for +!start[code(lookupArtifact("greenTeamMap",_317)),code_line(9),code_src("miner_green.asl"),error(action_failed),error_msg("cartago.ArtifactNotAvailableException"),source(self)]
intention 15: 
    +!start[source(self)] <- ... lookupArtifact(MapName,MapId); .print("MapName: ",MapName); focus(MapId) / {MapName="greenTeamMap", T="green"}

[pinkMiner] No failure event was generated for +!start[code(lookupArtifact("pinkTeamMap",_321)),code_line(22),code_src("miner_pink.asl"),error(action_failed),error_msg("cartago.ArtifactNotAvailableException"),source(self)]
intention 12: 
    +!start[source(self)] <- ... lookupArtifact(MapName,MapId); .print("MapName: ",MapName) / {AgY=0, MapName="pinkTeamMap", AgX=1, T="pink"}

[SchemeBoard] error. normative failure, details: fail(mission_permission(leader,mLeader,mining_schema))
[leader] No failure event was generated for +!start[code(commitMission(mLeader)),code_line(28),code_src("leader.asl"),env_failure_reason(reason(fail(mission_permission(leader,mLeader,mining_schema)))),error(action_failed),error_msg("Error committing to mission mLeader"),source(self)]
intention 6: 
    +!start[source(self)] <- ... commitMission(mLeader) / {}

[greenMiner] Percebi ouro em: gold(20,20)
[greenMiner] Abandonando os desejos e intenções para buscar gold(20,20)
[greenMiner] Indo para gold(20,20)
[greenMiner] Manuseando gold(20,20)
[pinkMiner] Percebi ouro em: gold(1,1)
[pinkMiner] Abandonando os desejos e intenções para buscar gold(1,1)
[pinkMiner] Indo para gold(1,1)
[pinkMiner] Manuseando gold(1,1)
[greenMiner] Alcancei (20x20)!
[pinkMiner] Alcancei (1x1)!
[greenMiner] Alcancei (16x16)!
[orangeMiner] Estou em [17,3] que está próximo de [17,4]
[redMiner] Estou em [23,26] que está próximo de [23,25]
[GroupBoard] leader has quit, role leader removed by the platform!
